This file contains any messages produced by compilers while
running configure, to aid debugging if configure makes a mistake.

It was created by asio configure 1.4.1, which was
generated by GNU Autoconf 2.61.  Invocation command line was

  $ ./configure 

## --------- ##
## Platform. ##
## --------- ##

hostname = zaza1.ida.liu.se
uname -m = sun4u
uname -r = 5.10
uname -s = SunOS
uname -v = Generic_141414-09

/usr/bin/uname -p = sparc
/bin/uname -X     = System = SunOS
Node = zaza1.ida.liu.se
Release = 5.10
KernelID = Generic_141414-09
Machine = sun4u
BusType = <unknown>
Serial = <unknown>
Users = <unknown>
OEM# = 0
Origin# = 1
NumCPU = 2

/bin/arch              = sun4
/usr/bin/arch -k       = sun4u
/usr/convex/getsysinfo = unknown
/usr/bin/hostinfo      = unknown
/bin/machine           = unknown
/usr/bin/oslevel       = unknown
/bin/universe          = unknown

PATH: /home/TDTS06/xkernel/bin/solaris-sparc
PATH: /home/TDTS06/bin
PATH: /home/dansv693/TDTS06
PATH: /sw/subversion-1.5.1/bin
PATH: /sw/boost-1.33.0/bin
PATH: /sw/allegro-8.0
PATH: /usr/local/bin
PATH: /sw/frame-7.0/bin
PATH: /sw/gcc-3.4.6/bin
PATH: /sw/emacs-22.3/bin
PATH: /sw/sun-studio-12/opt/SUNWspro/bin
PATH: /sw/pascal-4.2/SUNWspro/bin
PATH: /usr/ccs/bin
PATH: /sw/xemacs-21.4.12/bin
PATH: /usr/dt/bin
PATH: /usr/openwin/bin
PATH: /usr/openwin/demo
PATH: /usr/bin
PATH: /usr/sbin
PATH: /opt/SUNWut/bin
PATH: /sw/gnu/bin
PATH: /usr/sfw/bin
PATH: .


## ----------- ##
## Core tests. ##
## ----------- ##

configure:1764: checking whether to enable maintainer-specific portions of Makefiles
configure:1773: result: no
configure:1832: checking for a BSD-compatible install
configure:1888: result: /sw/gnu/bin/ginstall -c
configure:1899: checking whether build environment is sane
configure:1942: result: yes
configure:1970: checking for a thread-safe mkdir -p
configure:2009: result: /sw/gnu/bin/gmkdir -p
configure:2022: checking for gawk
configure:2038: found /sw/gnu/bin/gawk
configure:2049: result: gawk
configure:2060: checking whether make sets $(MAKE)
configure:2081: result: yes
configure:2264: checking how to create a ustar tar archive
configure:2277: tar --version
tar: s: unknown function modifier
Usage: tar {c|r|t|u|x}[BDeEFhilmnopPqTvw@[0-7]][bfk][X...] [blocksize] [tarfile] [size] [exclude-file...] {file | -I include-file | -C directory file}...
configure:2280: $? = 1
configure:2277: gnutar --version
./configure: line 2278: gnutar: command not found
configure:2280: $? = 127
configure:2277: gtar --version
tar (GNU tar) 1.15.1
configure:2280: $? = 0
configure:2320: tardir=conftest.dir && eval gtar --format=ustar -chf - "$tardir" >conftest.tar
configure:2323: $? = 0
configure:2327: gtar -xf - <conftest.tar
configure:2330: $? = 0
configure:2343: result: gnutar
configure:2357: checking build system type
configure:2375: result: sparc-sun-solaris2.10
configure:2397: checking host system type
configure:2412: result: sparc-sun-solaris2.10
configure:2446: checking for style of include used by make
configure:2474: result: GNU
configure:2544: checking for gcc
configure:2560: found /sw/gcc-3.4.6/bin/gcc
configure:2571: result: gcc
configure:2809: checking for C compiler version
configure:2816: gcc --version >&5
gcc (GCC) 3.4.6
Copyright (C) 2006 Free Software Foundation, Inc.
This is free software; see the source for copying conditions.  There is NO
warranty; not even for MERCHANTABILITY or FITNESS FOR A PARTICULAR PURPOSE.

configure:2819: $? = 0
configure:2826: gcc -v >&5
Reading specs from /sw/gcc-3.4.6/lib/gcc/sparc-sun-solaris2.10/3.4.6/specs
Configured with: /.scratch/andjo/lsw/src/gcc/gcc-3.4.6/configure --prefix=/sw/gcc-3.4.6 --enable-languages=ada,c,c++,f77,java,objc --enable-shared=libstdc++ --enable-cpp
Thread model: posix
gcc version 3.4.6
configure:2829: $? = 0
configure:2836: gcc -V >&5
gcc: `-V' option must have argument
configure:2839: $? = 1
configure:2862: checking for C compiler default output file name
configure:2889: gcc    conftest.c  >&5
configure:2892: $? = 0
configure:2930: result: a.out
configure:2947: checking whether the C compiler works
configure:2957: ./a.out
configure:2960: $? = 0
configure:2977: result: yes
configure:2984: checking whether we are cross compiling
configure:2986: result: no
configure:2989: checking for suffix of executables
configure:2996: gcc -o conftest    conftest.c  >&5
configure:2999: $? = 0
configure:3023: result: 
configure:3029: checking for suffix of object files
configure:3055: gcc -c   conftest.c >&5
configure:3058: $? = 0
configure:3081: result: o
configure:3085: checking whether we are using the GNU C compiler
configure:3114: gcc -c   conftest.c >&5
configure:3120: $? = 0
configure:3137: result: yes
configure:3142: checking whether gcc accepts -g
configure:3172: gcc -c -g  conftest.c >&5
configure:3178: $? = 0
configure:3277: result: yes
configure:3294: checking for gcc option to accept ISO C89
configure:3368: gcc  -c -g -O2  conftest.c >&5
configure:3374: $? = 0
configure:3397: result: none needed
configure:3417: checking dependency style of gcc
configure:3508: result: gcc3
configure:3524: checking whether gcc and cc understand -c and -o together
configure:3559: gcc -c conftest.c -o conftest2.o >&5
configure:3562: $? = 0
configure:3568: gcc -c conftest.c -o conftest2.o >&5
configure:3571: $? = 0
configure:3582: cc -c conftest.c >&5
configure:3585: $? = 0
configure:3593: cc -c conftest.c -o conftest2.o >&5
configure:3596: $? = 0
configure:3602: cc -c conftest.c -o conftest2.o >&5
configure:3605: $? = 0
configure:3623: result: yes
configure:3707: checking for g++
configure:3723: found /sw/gcc-3.4.6/bin/g++
configure:3734: result: g++
configure:3765: checking for C++ compiler version
configure:3772: g++ --version >&5
g++ (GCC) 3.4.6
Copyright (C) 2006 Free Software Foundation, Inc.
This is free software; see the source for copying conditions.  There is NO
warranty; not even for MERCHANTABILITY or FITNESS FOR A PARTICULAR PURPOSE.

configure:3775: $? = 0
configure:3782: g++ -v >&5
Reading specs from /sw/gcc-3.4.6/lib/gcc/sparc-sun-solaris2.10/3.4.6/specs
Configured with: /.scratch/andjo/lsw/src/gcc/gcc-3.4.6/configure --prefix=/sw/gcc-3.4.6 --enable-languages=ada,c,c++,f77,java,objc --enable-shared=libstdc++ --enable-cpp
Thread model: posix
gcc version 3.4.6
configure:3785: $? = 0
configure:3792: g++ -V >&5
g++: `-V' option must have argument
configure:3795: $? = 1
configure:3798: checking whether we are using the GNU C++ compiler
configure:3827: g++ -c   conftest.cpp >&5
configure:3833: $? = 0
configure:3850: result: yes
configure:3855: checking whether g++ accepts -g
configure:3885: g++ -c -g  conftest.cpp >&5
configure:3891: $? = 0
configure:3990: result: yes
configure:4015: checking dependency style of g++
configure:4106: result: gcc3
configure:4170: checking for ranlib
configure:4186: found /usr/ccs/bin/ranlib
configure:4197: result: ranlib
configure:4287: checking how to run the C++ preprocessor
configure:4323: g++ -E  conftest.cpp
configure:4329: $? = 0
configure:4360: g++ -E  conftest.cpp
conftest.cpp:11:28: ac_nonexistent.h: No such file or directory
configure:4366: $? = 1
configure: failed program was:
| /* confdefs.h.  */
| #define PACKAGE_NAME "asio"
| #define PACKAGE_TARNAME "asio"
| #define PACKAGE_VERSION "1.4.1"
| #define PACKAGE_STRING "asio 1.4.1"
| #define PACKAGE_BUGREPORT ""
| #define PACKAGE "asio"
| #define VERSION "1.4.1"
| #define _REENTRANT 1
| /* end confdefs.h.  */
| #include <ac_nonexistent.h>
configure:4399: result: g++ -E
configure:4428: g++ -E  conftest.cpp
configure:4434: $? = 0
configure:4465: g++ -E  conftest.cpp
conftest.cpp:11:28: ac_nonexistent.h: No such file or directory
configure:4471: $? = 1
configure: failed program was:
| /* confdefs.h.  */
| #define PACKAGE_NAME "asio"
| #define PACKAGE_TARNAME "asio"
| #define PACKAGE_VERSION "1.4.1"
| #define PACKAGE_STRING "asio 1.4.1"
| #define PACKAGE_BUGREPORT ""
| #define PACKAGE "asio"
| #define VERSION "1.4.1"
| #define _REENTRANT 1
| /* end confdefs.h.  */
| #include <ac_nonexistent.h>
configure:4509: checking for grep that handles long lines and -e
configure:4583: result: /sw/gnu/bin/grep
configure:4588: checking for egrep
configure:4666: result: /sw/gnu/bin/grep -E
configure:4671: checking for ANSI C header files
configure:4701: g++ -c -g -O2  conftest.cpp >&5
configure:4707: $? = 0
configure:4806: g++ -o conftest -g -O2   conftest.cpp  >&5
configure:4809: $? = 0
configure:4815: ./conftest
configure:4818: $? = 0
configure:4835: result: yes
configure:4859: checking for sys/types.h
configure:4880: g++ -c -g -O2  conftest.cpp >&5
configure:4886: $? = 0
configure:4902: result: yes
configure:4859: checking for sys/stat.h
configure:4880: g++ -c -g -O2  conftest.cpp >&5
configure:4886: $? = 0
configure:4902: result: yes
configure:4859: checking for stdlib.h
configure:4880: g++ -c -g -O2  conftest.cpp >&5
configure:4886: $? = 0
configure:4902: result: yes
configure:4859: checking for string.h
configure:4880: g++ -c -g -O2  conftest.cpp >&5
configure:4886: $? = 0
configure:4902: result: yes
configure:4859: checking for memory.h
configure:4880: g++ -c -g -O2  conftest.cpp >&5
configure:4886: $? = 0
configure:4902: result: yes
configure:4859: checking for strings.h
configure:4880: g++ -c -g -O2  conftest.cpp >&5
configure:4886: $? = 0
configure:4902: result: yes
configure:4859: checking for inttypes.h
configure:4880: g++ -c -g -O2  conftest.cpp >&5
configure:4886: $? = 0
configure:4902: result: yes
configure:4859: checking for stdint.h
configure:4880: g++ -c -g -O2  conftest.cpp >&5
configure:4886: $? = 0
configure:4902: result: yes
configure:4859: checking for unistd.h
configure:4880: g++ -c -g -O2  conftest.cpp >&5
configure:4886: $? = 0
configure:4902: result: yes
configure:4924: checking boost/noncopyable.hpp usability
configure:4941: g++ -c -g -O2  conftest.cpp >&5
configure:4947: $? = 0
configure:4961: result: yes
configure:4965: checking boost/noncopyable.hpp presence
configure:4980: g++ -E  conftest.cpp
configure:4986: $? = 0
configure:5000: result: yes
configure:5028: checking for boost/noncopyable.hpp
configure:5035: result: yes
configure:5070: checking openssl/ssl.h usability
configure:5087: g++ -c -g -O2  conftest.cpp >&5
configure:5093: $? = 0
configure:5107: result: yes
configure:5111: checking openssl/ssl.h presence
configure:5126: g++ -E  conftest.cpp
configure:5132: $? = 0
configure:5146: result: yes
configure:5174: checking for openssl/ssl.h
configure:5181: result: yes
configure:5431: creating ./config.status

## ---------------------- ##
## Running config.status. ##
## ---------------------- ##

This file was extended by asio config.status 1.4.1, which was
generated by GNU Autoconf 2.61.  Invocation command line was

  CONFIG_FILES    = 
  CONFIG_HEADERS  = 
  CONFIG_LINKS    = 
  CONFIG_COMMANDS = 
  $ ./config.status 

on zaza1.ida.liu.se

config.status:645: creating Makefile
config.status:645: creating include/Makefile
config.status:645: creating src/Makefile
config.status:836: executing depfiles commands

## ---------------- ##
## Cache variables. ##
## ---------------- ##

ac_cv_build=sparc-sun-solaris2.10
ac_cv_c_compiler_gnu=yes
ac_cv_cxx_compiler_gnu=yes
ac_cv_env_CCC_set=
ac_cv_env_CCC_value=
ac_cv_env_CC_set=
ac_cv_env_CC_value=
ac_cv_env_CFLAGS_set=
ac_cv_env_CFLAGS_value=
ac_cv_env_CPPFLAGS_set=
ac_cv_env_CPPFLAGS_value=
ac_cv_env_CXXCPP_set=
ac_cv_env_CXXCPP_value=
ac_cv_env_CXXFLAGS_set=
ac_cv_env_CXXFLAGS_value=
ac_cv_env_CXX_set=
ac_cv_env_CXX_value=
ac_cv_env_LDFLAGS_set=
ac_cv_env_LDFLAGS_value=
ac_cv_env_LIBS_set=
ac_cv_env_LIBS_value=
ac_cv_env_build_alias_set=
ac_cv_env_build_alias_value=
ac_cv_env_host_alias_set=
ac_cv_env_host_alias_value=
ac_cv_env_target_alias_set=
ac_cv_env_target_alias_value=
ac_cv_header_boost_noncopyable_hpp=yes
ac_cv_header_inttypes_h=yes
ac_cv_header_memory_h=yes
ac_cv_header_openssl_ssl_h=yes
ac_cv_header_stdc=yes
ac_cv_header_stdint_h=yes
ac_cv_header_stdlib_h=yes
ac_cv_header_string_h=yes
ac_cv_header_strings_h=yes
ac_cv_header_sys_stat_h=yes
ac_cv_header_sys_types_h=yes
ac_cv_header_unistd_h=yes
ac_cv_host=sparc-sun-solaris2.10
ac_cv_objext=o
ac_cv_path_EGREP='/sw/gnu/bin/grep -E'
ac_cv_path_GREP=/sw/gnu/bin/grep
ac_cv_path_install='/sw/gnu/bin/ginstall -c'
ac_cv_path_mkdir=/sw/gnu/bin/gmkdir
ac_cv_prog_AWK=gawk
ac_cv_prog_CXXCPP='g++ -E'
ac_cv_prog_ac_ct_CC=gcc
ac_cv_prog_ac_ct_CXX=g++
ac_cv_prog_ac_ct_RANLIB=ranlib
ac_cv_prog_cc_c89=
ac_cv_prog_cc_g=yes
ac_cv_prog_cc_gcc_c_o=yes
ac_cv_prog_cxx_g=yes
ac_cv_prog_make_make_set=yes
am_cv_CC_dependencies_compiler_type=gcc3
am_cv_CXX_dependencies_compiler_type=gcc3
am_cv_prog_tar_ustar=gnutar

## ----------------- ##
## Output variables. ##
## ----------------- ##

ACLOCAL='${SHELL} /home/dansv693/TDDC76/projekt/asio-1.4.1/missing --run aclocal-1.10'
AMDEPBACKSLASH='\'
AMDEP_FALSE='#'
AMDEP_TRUE=''
AMTAR='${SHELL} /home/dansv693/TDDC76/projekt/asio-1.4.1/missing --run tar'
AUTOCONF='${SHELL} /home/dansv693/TDDC76/projekt/asio-1.4.1/missing --run autoconf'
AUTOHEADER='${SHELL} /home/dansv693/TDDC76/projekt/asio-1.4.1/missing --run autoheader'
AUTOMAKE='${SHELL} /home/dansv693/TDDC76/projekt/asio-1.4.1/missing --run automake-1.10'
AWK='gawk'
CC='gcc'
CCDEPMODE='depmode=gcc3'
CFLAGS='-g -O2'
CPPFLAGS=''
CXX='g++'
CXXCPP='g++ -E'
CXXDEPMODE='depmode=gcc3'
CXXFLAGS='-g -O2 -ftemplate-depth-256'
CYGPATH_W='echo'
DEFS='-DPACKAGE_NAME=\"asio\" -DPACKAGE_TARNAME=\"asio\" -DPACKAGE_VERSION=\"1.4.1\" -DPACKAGE_STRING=\"asio\ 1.4.1\" -DPACKAGE_BUGREPORT=\"\" -DPACKAGE=\"asio\" -DVERSION=\"1.4.1\" -D_REENTRANT=1 -DSTDC_HEADERS=1 -DHAVE_SYS_TYPES_H=1 -DHAVE_SYS_STAT_H=1 -DHAVE_STDLIB_H=1 -DHAVE_STRING_H=1 -DHAVE_MEMORY_H=1 -DHAVE_STRINGS_H=1 -DHAVE_INTTYPES_H=1 -DHAVE_STDINT_H=1 -DHAVE_UNISTD_H=1'
DEPDIR='.deps'
ECHO_C=''
ECHO_N='-n'
ECHO_T=''
EGREP='/sw/gnu/bin/grep -E'
EXEEXT=''
GREP='/sw/gnu/bin/grep'
HAVE_OPENSSL_FALSE='#'
HAVE_OPENSSL_TRUE=''
INSTALL_DATA='${INSTALL} -m 644'
INSTALL_PROGRAM='${INSTALL}'
INSTALL_SCRIPT='${INSTALL}'
INSTALL_STRIP_PROGRAM='$(install_sh) -c -s'
LDFLAGS=''
LIBOBJS=''
LIBS=' -lssl -lcrypto -lsocket -lnsl -lpthread'
LTLIBOBJS=''
MAINT='#'
MAINTAINER_MODE_FALSE=''
MAINTAINER_MODE_TRUE='#'
MAKEINFO='${SHELL} /home/dansv693/TDDC76/projekt/asio-1.4.1/missing --run makeinfo'
OBJEXT='o'
PACKAGE='asio'
PACKAGE_BUGREPORT=''
PACKAGE_NAME='asio'
PACKAGE_STRING='asio 1.4.1'
PACKAGE_TARNAME='asio'
PACKAGE_VERSION='1.4.1'
PATH_SEPARATOR=':'
RANLIB='ranlib'
SET_MAKE=''
SHELL='/bin/bash'
STRIP=''
VERSION='1.4.1'
WINDOWS_TARGET_FALSE=''
WINDOWS_TARGET_TRUE='#'
ac_ct_CC='gcc'
ac_ct_CXX='g++'
am__fastdepCC_FALSE='#'
am__fastdepCC_TRUE=''
am__fastdepCXX_FALSE='#'
am__fastdepCXX_TRUE=''
am__include='include'
am__isrc=''
am__leading_dot='.'
am__quote=''
am__tar='gtar --format=ustar -chf - "$$tardir"'
am__untar='gtar -xf -'
bindir='${exec_prefix}/bin'
build='sparc-sun-solaris2.10'
build_alias=''
build_cpu='sparc'
build_os='solaris2.10'
build_vendor='sun'
datadir='${datarootdir}'
datarootdir='${prefix}/share'
docdir='${datarootdir}/doc/${PACKAGE_TARNAME}'
dvidir='${docdir}'
exec_prefix='${prefix}'
host='sparc-sun-solaris2.10'
host_alias=''
host_cpu='sparc'
host_os='solaris2.10'
host_vendor='sun'
htmldir='${docdir}'
includedir='${prefix}/include'
infodir='${datarootdir}/info'
install_sh='$(SHELL) /home/dansv693/TDDC76/projekt/asio-1.4.1/install-sh'
libdir='${exec_prefix}/lib'
libexecdir='${exec_prefix}/libexec'
localedir='${datarootdir}/locale'
localstatedir='${prefix}/var'
mandir='${datarootdir}/man'
mkdir_p='/sw/gnu/bin/gmkdir -p'
oldincludedir='/usr/include'
pdfdir='${docdir}'
prefix='/usr/local'
program_transform_name='s,x,x,'
psdir='${docdir}'
sbindir='${exec_prefix}/sbin'
sharedstatedir='${prefix}/com'
sysconfdir='${prefix}/etc'
target_alias=''

## ----------- ##
## confdefs.h. ##
## ----------- ##

#define PACKAGE_NAME "asio"
#define PACKAGE_TARNAME "asio"
#define PACKAGE_VERSION "1.4.1"
#define PACKAGE_STRING "asio 1.4.1"
#define PACKAGE_BUGREPORT ""
#define PACKAGE "asio"
#define VERSION "1.4.1"
#define _REENTRANT 1
#define STDC_HEADERS 1
#define HAVE_SYS_TYPES_H 1
#define HAVE_SYS_STAT_H 1
#define HAVE_STDLIB_H 1
#define HAVE_STRING_H 1
#define HAVE_MEMORY_H 1
#define HAVE_STRINGS_H 1
#define HAVE_INTTYPES_H 1
#define HAVE_STDINT_H 1
#define HAVE_UNISTD_H 1

configure: exit 0
